[09:30:12:483] [WARN] - org.springframework.context.support.AbstractApplicationContext.refresh(AbstractApplicationContext.java:554) - Exception encountered during context initialization - cancelling refresh attempt: org.springframework.beans.factory.BeanCreationException: Error creating bean with name 'helloServiceProvider' defined in file [I:\blog\dubbox\dubboxserver\target\classes\xin\shaozeming\dubboxserver\api\HelloServiceProvider.class]: Initialization of bean failed; nested exception is org.jboss.netty.channel.ChannelException: Failed to bind to: 0.0.0.0/0.0.0.0:8888
[09:30:12:674] [ERROR] - org.springframework.boot.SpringApplication.reportFailure(SpringApplication.java:858) - Application run failed
org.springframework.beans.factory.BeanCreationException: Error creating bean with name 'helloServiceProvider' defined in file [I:\blog\dubbox\dubboxserver\target\classes\xin\shaozeming\dubboxserver\api\HelloServiceProvider.class]: Initialization of bean failed; nested exception is org.jboss.netty.channel.ChannelException: Failed to bind to: 0.0.0.0/0.0.0.0:8888
	at org.springframework.beans.factory.support.AbstractAutowireCapableBeanFactory.doCreateBean(AbstractAutowireCapableBeanFactory.java:584) ~[spring-beans-5.1.2.RELEASE.jar:5.1.2.RELEASE]
	at org.springframework.beans.factory.support.AbstractAutowireCapableBeanFactory.createBean(AbstractAutowireCapableBeanFactory.java:498) ~[spring-beans-5.1.2.RELEASE.jar:5.1.2.RELEASE]
	at org.springframework.beans.factory.support.AbstractBeanFactory.lambda$doGetBean$0(AbstractBeanFactory.java:320) ~[spring-beans-5.1.2.RELEASE.jar:5.1.2.RELEASE]
	at org.springframework.beans.factory.support.DefaultSingletonBeanRegistry.getSingleton(DefaultSingletonBeanRegistry.java:222) ~[spring-beans-5.1.2.RELEASE.jar:5.1.2.RELEASE]
	at org.springframework.beans.factory.support.AbstractBeanFactory.doGetBean(AbstractBeanFactory.java:318) ~[spring-beans-5.1.2.RELEASE.jar:5.1.2.RELEASE]
	at org.springframework.beans.factory.support.AbstractBeanFactory.getBean(AbstractBeanFactory.java:199) ~[spring-beans-5.1.2.RELEASE.jar:5.1.2.RELEASE]
	at org.springframework.beans.factory.support.DefaultListableBeanFactory.preInstantiateSingletons(DefaultListableBeanFactory.java:846) ~[spring-beans-5.1.2.RELEASE.jar:5.1.2.RELEASE]
	at org.springframework.context.support.AbstractApplicationContext.finishBeanFactoryInitialization(AbstractApplicationContext.java:863) ~[spring-context-5.1.2.RELEASE.jar:5.1.2.RELEASE]
	at org.springframework.context.support.AbstractApplicationContext.refresh(AbstractApplicationContext.java:546) ~[spring-context-5.1.2.RELEASE.jar:5.1.2.RELEASE]
	at org.springframework.boot.SpringApplication.refresh(SpringApplication.java:775) [spring-boot-2.1.0.BUILD-20181030.064057-619.jar:2.1.0.BUILD-SNAPSHOT]
	at org.springframework.boot.SpringApplication.refreshContext(SpringApplication.java:397) [spring-boot-2.1.0.BUILD-20181030.064057-619.jar:2.1.0.BUILD-SNAPSHOT]
	at org.springframework.boot.SpringApplication.run(SpringApplication.java:316) [spring-boot-2.1.0.BUILD-20181030.064057-619.jar:2.1.0.BUILD-SNAPSHOT]
	at org.springframework.boot.builder.SpringApplicationBuilder.run(SpringApplicationBuilder.java:139) [spring-boot-2.1.0.BUILD-20181030.064057-619.jar:2.1.0.BUILD-SNAPSHOT]
	at xin.shaozeming.dubboxserver.ServerStart.main(ServerStart.java:27) [classes/:?]
Caused by: org.jboss.netty.channel.ChannelException: Failed to bind to: 0.0.0.0/0.0.0.0:8888
	at org.jboss.netty.bootstrap.ServerBootstrap.bind(ServerBootstrap.java:272) ~[netty-3.7.0.Final.jar:?]
	at org.jboss.resteasy.plugins.server.netty.NettyJaxrsServer.start(NettyJaxrsServer.java:147) ~[resteasy-netty-3.0.7.Final.jar:?]
	at com.alibaba.dubbo.rpc.protocol.rest.NettyServer.doStart(NettyServer.java:37) ~[dubbo-2.8.4.jar:2.8.4]
	at com.alibaba.dubbo.rpc.protocol.rest.BaseRestServer.start(BaseRestServer.java:38) ~[dubbo-2.8.4.jar:2.8.4]
	at com.alibaba.dubbo.rpc.protocol.rest.RestProtocol.doExport(RestProtocol.java:89) ~[dubbo-2.8.4.jar:2.8.4]
	at com.alibaba.dubbo.rpc.protocol.AbstractProxyProtocol.export(AbstractProxyProtocol.java:69) ~[dubbo-2.8.4.jar:2.8.4]
	at com.alibaba.dubbo.rpc.protocol.ProtocolFilterWrapper.export(ProtocolFilterWrapper.java:55) ~[dubbo-2.8.4.jar:2.8.4]
	at com.alibaba.dubbo.rpc.protocol.ProtocolListenerWrapper.export(ProtocolListenerWrapper.java:56) ~[dubbo-2.8.4.jar:2.8.4]
	at com.alibaba.dubbo.rpc.Protocol$Adpative.export(Protocol$Adpative.java) ~[dubbo-2.8.4.jar:2.8.4]
	at com.alibaba.dubbo.registry.integration.RegistryProtocol.doLocalExport(RegistryProtocol.java:153) ~[dubbo-2.8.4.jar:2.8.4]
	at com.alibaba.dubbo.registry.integration.RegistryProtocol.export(RegistryProtocol.java:107) ~[dubbo-2.8.4.jar:2.8.4]
	at com.alibaba.dubbo.rpc.protocol.ProtocolFilterWrapper.export(ProtocolFilterWrapper.java:53) ~[dubbo-2.8.4.jar:2.8.4]
	at com.alibaba.dubbo.rpc.protocol.ProtocolListenerWrapper.export(ProtocolListenerWrapper.java:54) ~[dubbo-2.8.4.jar:2.8.4]
	at com.alibaba.dubbo.rpc.Protocol$Adpative.export(Protocol$Adpative.java) ~[dubbo-2.8.4.jar:2.8.4]
	at com.alibaba.dubbo.config.ServiceConfig.doExportUrlsFor1Protocol(ServiceConfig.java:489) ~[dubbo-2.8.4.jar:2.8.4]
	at com.alibaba.dubbo.config.ServiceConfig.doExportUrls(ServiceConfig.java:285) ~[dubbo-2.8.4.jar:2.8.4]
	at com.alibaba.dubbo.config.ServiceConfig.doExport(ServiceConfig.java:246) ~[dubbo-2.8.4.jar:2.8.4]
	at com.alibaba.dubbo.config.ServiceConfig.export(ServiceConfig.java:145) ~[dubbo-2.8.4.jar:2.8.4]
	at com.alibaba.dubbo.config.spring.AnnotationBean.postProcessAfterInitialization(AnnotationBean.java:202) ~[dubbo-2.8.4.jar:2.8.4]
	at org.springframework.beans.factory.support.AbstractAutowireCapableBeanFactory.applyBeanPostProcessorsAfterInitialization(AbstractAutowireCapableBeanFactory.java:434) ~[spring-beans-5.1.2.RELEASE.jar:5.1.2.RELEASE]
	at org.springframework.beans.factory.support.AbstractAutowireCapableBeanFactory.initializeBean(AbstractAutowireCapableBeanFactory.java:1749) ~[spring-beans-5.1.2.RELEASE.jar:5.1.2.RELEASE]
	at org.springframework.beans.factory.support.AbstractAutowireCapableBeanFactory.doCreateBean(AbstractAutowireCapableBeanFactory.java:576) ~[spring-beans-5.1.2.RELEASE.jar:5.1.2.RELEASE]
	... 13 more
Caused by: java.net.BindException: Address already in use: bind
	at sun.nio.ch.Net.bind0(Native Method) ~[?:1.8.0_162]
	at sun.nio.ch.Net.bind(Net.java:433) ~[?:1.8.0_162]
	at sun.nio.ch.Net.bind(Net.java:425) ~[?:1.8.0_162]
	at sun.nio.ch.ServerSocketChannelImpl.bind(ServerSocketChannelImpl.java:223) ~[?:1.8.0_162]
	at sun.nio.ch.ServerSocketAdaptor.bind(ServerSocketAdaptor.java:74) ~[?:1.8.0_162]
	at org.jboss.netty.channel.socket.nio.NioServerBoss$RegisterTask.run(NioServerBoss.java:193) ~[netty-3.7.0.Final.jar:?]
	at org.jboss.netty.channel.socket.nio.AbstractNioSelector.processTaskQueue(AbstractNioSelector.java:366) ~[netty-3.7.0.Final.jar:?]
	at org.jboss.netty.channel.socket.nio.AbstractNioSelector.run(AbstractNioSelector.java:290) ~[netty-3.7.0.Final.jar:?]
	at org.jboss.netty.channel.socket.nio.NioServerBoss.run(NioServerBoss.java:42) ~[netty-3.7.0.Final.jar:?]
	at java.util.concurrent.ThreadPoolExecutor.runWorker(ThreadPoolExecutor.java:1149) ~[?:1.8.0_162]
	at java.util.concurrent.ThreadPoolExecutor$Worker.run(ThreadPoolExecutor.java:624) ~[?:1.8.0_162]
	at java.lang.Thread.run(Thread.java:748) ~[?:1.8.0_162]
[10:16:23:378] [WARN] - org.springframework.context.support.AbstractApplicationContext.refresh(AbstractApplicationContext.java:554) - Exception encountered during context initialization - cancelling refresh attempt: org.springframework.beans.factory.BeanCreationException: Error creating bean with name 'helloServiceProvider' defined in file [I:\blog\dubbox\dubboxserver\target\classes\xin\shaozeming\dubboxserver\api\HelloServiceProvider.class]: Initialization of bean failed; nested exception is org.jboss.netty.channel.ChannelException: Failed to bind to: 0.0.0.0/0.0.0.0:8887
[10:16:23:398] [ERROR] - org.springframework.boot.SpringApplication.reportFailure(SpringApplication.java:858) - Application run failed
org.springframework.beans.factory.BeanCreationException: Error creating bean with name 'helloServiceProvider' defined in file [I:\blog\dubbox\dubboxserver\target\classes\xin\shaozeming\dubboxserver\api\HelloServiceProvider.class]: Initialization of bean failed; nested exception is org.jboss.netty.channel.ChannelException: Failed to bind to: 0.0.0.0/0.0.0.0:8887
	at org.springframework.beans.factory.support.AbstractAutowireCapableBeanFactory.doCreateBean(AbstractAutowireCapableBeanFactory.java:584) ~[spring-beans-5.1.2.RELEASE.jar:5.1.2.RELEASE]
	at org.springframework.beans.factory.support.AbstractAutowireCapableBeanFactory.createBean(AbstractAutowireCapableBeanFactory.java:498) ~[spring-beans-5.1.2.RELEASE.jar:5.1.2.RELEASE]
	at org.springframework.beans.factory.support.AbstractBeanFactory.lambda$doGetBean$0(AbstractBeanFactory.java:320) ~[spring-beans-5.1.2.RELEASE.jar:5.1.2.RELEASE]
	at org.springframework.beans.factory.support.DefaultSingletonBeanRegistry.getSingleton(DefaultSingletonBeanRegistry.java:222) ~[spring-beans-5.1.2.RELEASE.jar:5.1.2.RELEASE]
	at org.springframework.beans.factory.support.AbstractBeanFactory.doGetBean(AbstractBeanFactory.java:318) ~[spring-beans-5.1.2.RELEASE.jar:5.1.2.RELEASE]
	at org.springframework.beans.factory.support.AbstractBeanFactory.getBean(AbstractBeanFactory.java:199) ~[spring-beans-5.1.2.RELEASE.jar:5.1.2.RELEASE]
	at org.springframework.beans.factory.support.DefaultListableBeanFactory.preInstantiateSingletons(DefaultListableBeanFactory.java:846) ~[spring-beans-5.1.2.RELEASE.jar:5.1.2.RELEASE]
	at org.springframework.context.support.AbstractApplicationContext.finishBeanFactoryInitialization(AbstractApplicationContext.java:863) ~[spring-context-5.1.2.RELEASE.jar:5.1.2.RELEASE]
	at org.springframework.context.support.AbstractApplicationContext.refresh(AbstractApplicationContext.java:546) ~[spring-context-5.1.2.RELEASE.jar:5.1.2.RELEASE]
	at org.springframework.boot.SpringApplication.refresh(SpringApplication.java:775) [spring-boot-2.1.0.BUILD-20181030.064057-619.jar:2.1.0.BUILD-SNAPSHOT]
	at org.springframework.boot.SpringApplication.refreshContext(SpringApplication.java:397) [spring-boot-2.1.0.BUILD-20181030.064057-619.jar:2.1.0.BUILD-SNAPSHOT]
	at org.springframework.boot.SpringApplication.run(SpringApplication.java:316) [spring-boot-2.1.0.BUILD-20181030.064057-619.jar:2.1.0.BUILD-SNAPSHOT]
	at org.springframework.boot.builder.SpringApplicationBuilder.run(SpringApplicationBuilder.java:139) [spring-boot-2.1.0.BUILD-20181030.064057-619.jar:2.1.0.BUILD-SNAPSHOT]
	at xin.shaozeming.dubboxserver.ServerStart.main(ServerStart.java:27) [classes/:?]
Caused by: org.jboss.netty.channel.ChannelException: Failed to bind to: 0.0.0.0/0.0.0.0:8887
	at org.jboss.netty.bootstrap.ServerBootstrap.bind(ServerBootstrap.java:272) ~[netty-3.7.0.Final.jar:?]
	at org.jboss.resteasy.plugins.server.netty.NettyJaxrsServer.start(NettyJaxrsServer.java:147) ~[resteasy-netty-3.0.7.Final.jar:?]
	at com.alibaba.dubbo.rpc.protocol.rest.NettyServer.doStart(NettyServer.java:37) ~[dubbo-2.8.4.jar:2.8.4]
	at com.alibaba.dubbo.rpc.protocol.rest.BaseRestServer.start(BaseRestServer.java:38) ~[dubbo-2.8.4.jar:2.8.4]
	at com.alibaba.dubbo.rpc.protocol.rest.RestProtocol.doExport(RestProtocol.java:89) ~[dubbo-2.8.4.jar:2.8.4]
	at com.alibaba.dubbo.rpc.protocol.AbstractProxyProtocol.export(AbstractProxyProtocol.java:69) ~[dubbo-2.8.4.jar:2.8.4]
	at com.alibaba.dubbo.rpc.protocol.ProtocolFilterWrapper.export(ProtocolFilterWrapper.java:55) ~[dubbo-2.8.4.jar:2.8.4]
	at com.alibaba.dubbo.rpc.protocol.ProtocolListenerWrapper.export(ProtocolListenerWrapper.java:56) ~[dubbo-2.8.4.jar:2.8.4]
	at com.alibaba.dubbo.rpc.Protocol$Adpative.export(Protocol$Adpative.java) ~[dubbo-2.8.4.jar:2.8.4]
	at com.alibaba.dubbo.registry.integration.RegistryProtocol.doLocalExport(RegistryProtocol.java:153) ~[dubbo-2.8.4.jar:2.8.4]
	at com.alibaba.dubbo.registry.integration.RegistryProtocol.export(RegistryProtocol.java:107) ~[dubbo-2.8.4.jar:2.8.4]
	at com.alibaba.dubbo.rpc.protocol.ProtocolFilterWrapper.export(ProtocolFilterWrapper.java:53) ~[dubbo-2.8.4.jar:2.8.4]
	at com.alibaba.dubbo.rpc.protocol.ProtocolListenerWrapper.export(ProtocolListenerWrapper.java:54) ~[dubbo-2.8.4.jar:2.8.4]
	at com.alibaba.dubbo.rpc.Protocol$Adpative.export(Protocol$Adpative.java) ~[dubbo-2.8.4.jar:2.8.4]
	at com.alibaba.dubbo.config.ServiceConfig.doExportUrlsFor1Protocol(ServiceConfig.java:489) ~[dubbo-2.8.4.jar:2.8.4]
	at com.alibaba.dubbo.config.ServiceConfig.doExportUrls(ServiceConfig.java:285) ~[dubbo-2.8.4.jar:2.8.4]
	at com.alibaba.dubbo.config.ServiceConfig.doExport(ServiceConfig.java:246) ~[dubbo-2.8.4.jar:2.8.4]
	at com.alibaba.dubbo.config.ServiceConfig.export(ServiceConfig.java:145) ~[dubbo-2.8.4.jar:2.8.4]
	at com.alibaba.dubbo.config.spring.AnnotationBean.postProcessAfterInitialization(AnnotationBean.java:202) ~[dubbo-2.8.4.jar:2.8.4]
	at org.springframework.beans.factory.support.AbstractAutowireCapableBeanFactory.applyBeanPostProcessorsAfterInitialization(AbstractAutowireCapableBeanFactory.java:434) ~[spring-beans-5.1.2.RELEASE.jar:5.1.2.RELEASE]
	at org.springframework.beans.factory.support.AbstractAutowireCapableBeanFactory.initializeBean(AbstractAutowireCapableBeanFactory.java:1749) ~[spring-beans-5.1.2.RELEASE.jar:5.1.2.RELEASE]
	at org.springframework.beans.factory.support.AbstractAutowireCapableBeanFactory.doCreateBean(AbstractAutowireCapableBeanFactory.java:576) ~[spring-beans-5.1.2.RELEASE.jar:5.1.2.RELEASE]
	... 13 more
Caused by: java.net.BindException: Address already in use: bind
	at sun.nio.ch.Net.bind0(Native Method) ~[?:1.8.0_162]
	at sun.nio.ch.Net.bind(Net.java:433) ~[?:1.8.0_162]
	at sun.nio.ch.Net.bind(Net.java:425) ~[?:1.8.0_162]
	at sun.nio.ch.ServerSocketChannelImpl.bind(ServerSocketChannelImpl.java:223) ~[?:1.8.0_162]
	at sun.nio.ch.ServerSocketAdaptor.bind(ServerSocketAdaptor.java:74) ~[?:1.8.0_162]
	at org.jboss.netty.channel.socket.nio.NioServerBoss$RegisterTask.run(NioServerBoss.java:193) ~[netty-3.7.0.Final.jar:?]
	at org.jboss.netty.channel.socket.nio.AbstractNioSelector.processTaskQueue(AbstractNioSelector.java:366) ~[netty-3.7.0.Final.jar:?]
	at org.jboss.netty.channel.socket.nio.AbstractNioSelector.run(AbstractNioSelector.java:290) ~[netty-3.7.0.Final.jar:?]
	at org.jboss.netty.channel.socket.nio.NioServerBoss.run(NioServerBoss.java:42) ~[netty-3.7.0.Final.jar:?]
	at java.util.concurrent.ThreadPoolExecutor.runWorker(ThreadPoolExecutor.java:1149) ~[?:1.8.0_162]
	at java.util.concurrent.ThreadPoolExecutor$Worker.run(ThreadPoolExecutor.java:624) ~[?:1.8.0_162]
	at java.lang.Thread.run(Thread.java:748) ~[?:1.8.0_162]
[11:02:44:703] [WARN] - org.springframework.context.support.AbstractApplicationContext.refresh(AbstractApplicationContext.java:554) - Exception encountered during context initialization - cancelling refresh attempt: org.springframework.beans.factory.BeanCreationException: Error creating bean with name 'providerConfig' defined in class path resource [xin/shaozeming/dubboxserver/config/config.class]: Bean instantiation via factory method failed; nested exception is org.springframework.beans.BeanInstantiationException: Failed to instantiate [com.alibaba.dubbo.config.ProviderConfig]: Factory method 'providerConfig' threw exception; nested exception is java.lang.IllegalStateException: No such extension myExceptionFilter for filter/com.alibaba.dubbo.rpc.Filter
[11:02:44:723] [ERROR] - org.springframework.boot.SpringApplication.reportFailure(SpringApplication.java:858) - Application run failed
org.springframework.beans.factory.BeanCreationException: Error creating bean with name 'providerConfig' defined in class path resource [xin/shaozeming/dubboxserver/config/config.class]: Bean instantiation via factory method failed; nested exception is org.springframework.beans.BeanInstantiationException: Failed to instantiate [com.alibaba.dubbo.config.ProviderConfig]: Factory method 'providerConfig' threw exception; nested exception is java.lang.IllegalStateException: No such extension myExceptionFilter for filter/com.alibaba.dubbo.rpc.Filter
	at org.springframework.beans.factory.support.ConstructorResolver.instantiate(ConstructorResolver.java:625) ~[spring-beans-5.1.2.RELEASE.jar:5.1.2.RELEASE]
	at org.springframework.beans.factory.support.ConstructorResolver.instantiateUsingFactoryMethod(ConstructorResolver.java:455) ~[spring-beans-5.1.2.RELEASE.jar:5.1.2.RELEASE]
	at org.springframework.beans.factory.support.AbstractAutowireCapableBeanFactory.instantiateUsingFactoryMethod(AbstractAutowireCapableBeanFactory.java:1288) ~[spring-beans-5.1.2.RELEASE.jar:5.1.2.RELEASE]
	at org.springframework.beans.factory.support.AbstractAutowireCapableBeanFactory.createBeanInstance(AbstractAutowireCapableBeanFactory.java:1127) ~[spring-beans-5.1.2.RELEASE.jar:5.1.2.RELEASE]
	at org.springframework.beans.factory.support.AbstractAutowireCapableBeanFactory.doCreateBean(AbstractAutowireCapableBeanFactory.java:538) ~[spring-beans-5.1.2.RELEASE.jar:5.1.2.RELEASE]
	at org.springframework.beans.factory.support.AbstractAutowireCapableBeanFactory.createBean(AbstractAutowireCapableBeanFactory.java:498) ~[spring-beans-5.1.2.RELEASE.jar:5.1.2.RELEASE]
	at org.springframework.beans.factory.support.AbstractBeanFactory.lambda$doGetBean$0(AbstractBeanFactory.java:320) ~[spring-beans-5.1.2.RELEASE.jar:5.1.2.RELEASE]
	at org.springframework.beans.factory.support.DefaultSingletonBeanRegistry.getSingleton(DefaultSingletonBeanRegistry.java:222) ~[spring-beans-5.1.2.RELEASE.jar:5.1.2.RELEASE]
	at org.springframework.beans.factory.support.AbstractBeanFactory.doGetBean(AbstractBeanFactory.java:318) ~[spring-beans-5.1.2.RELEASE.jar:5.1.2.RELEASE]
	at org.springframework.beans.factory.support.AbstractBeanFactory.getBean(AbstractBeanFactory.java:199) ~[spring-beans-5.1.2.RELEASE.jar:5.1.2.RELEASE]
	at org.springframework.beans.factory.support.DefaultListableBeanFactory.preInstantiateSingletons(DefaultListableBeanFactory.java:846) ~[spring-beans-5.1.2.RELEASE.jar:5.1.2.RELEASE]
	at org.springframework.context.support.AbstractApplicationContext.finishBeanFactoryInitialization(AbstractApplicationContext.java:863) ~[spring-context-5.1.2.RELEASE.jar:5.1.2.RELEASE]
	at org.springframework.context.support.AbstractApplicationContext.refresh(AbstractApplicationContext.java:546) ~[spring-context-5.1.2.RELEASE.jar:5.1.2.RELEASE]
	at org.springframework.boot.SpringApplication.refresh(SpringApplication.java:775) [spring-boot-2.1.0.BUILD-20181030.064057-619.jar:2.1.0.BUILD-SNAPSHOT]
	at org.springframework.boot.SpringApplication.refreshContext(SpringApplication.java:397) [spring-boot-2.1.0.BUILD-20181030.064057-619.jar:2.1.0.BUILD-SNAPSHOT]
	at org.springframework.boot.SpringApplication.run(SpringApplication.java:316) [spring-boot-2.1.0.BUILD-20181030.064057-619.jar:2.1.0.BUILD-SNAPSHOT]
	at org.springframework.boot.builder.SpringApplicationBuilder.run(SpringApplicationBuilder.java:139) [spring-boot-2.1.0.BUILD-20181030.064057-619.jar:2.1.0.BUILD-SNAPSHOT]
	at xin.shaozeming.dubboxserver.ServerStart.main(ServerStart.java:27) [classes/:?]
Caused by: org.springframework.beans.BeanInstantiationException: Failed to instantiate [com.alibaba.dubbo.config.ProviderConfig]: Factory method 'providerConfig' threw exception; nested exception is java.lang.IllegalStateException: No such extension myExceptionFilter for filter/com.alibaba.dubbo.rpc.Filter
	at org.springframework.beans.factory.support.SimpleInstantiationStrategy.instantiate(SimpleInstantiationStrategy.java:185) ~[spring-beans-5.1.2.RELEASE.jar:5.1.2.RELEASE]
	at org.springframework.beans.factory.support.ConstructorResolver.instantiate(ConstructorResolver.java:620) ~[spring-beans-5.1.2.RELEASE.jar:5.1.2.RELEASE]
	... 17 more
Caused by: java.lang.IllegalStateException: No such extension myExceptionFilter for filter/com.alibaba.dubbo.rpc.Filter
	at com.alibaba.dubbo.config.AbstractConfig.checkMultiExtension(AbstractConfig.java:383) ~[dubbo-2.8.4.jar:2.8.4]
	at com.alibaba.dubbo.config.AbstractInterfaceConfig.setFilter(AbstractInterfaceConfig.java:401) ~[dubbo-2.8.4.jar:2.8.4]
	at xin.shaozeming.dubboxserver.config.config.providerConfig(config.java:62) ~[classes/:?]
	at xin.shaozeming.dubboxserver.config.config$$EnhancerBySpringCGLIB$$aa10dfd9.CGLIB$providerConfig$4(<generated>) ~[classes/:?]
	at xin.shaozeming.dubboxserver.config.config$$EnhancerBySpringCGLIB$$aa10dfd9$$FastClassBySpringCGLIB$$c0d90ab8.invoke(<generated>) ~[classes/:?]
	at org.springframework.cglib.proxy.MethodProxy.invokeSuper(MethodProxy.java:244) ~[spring-core-5.1.2.RELEASE.jar:5.1.2.RELEASE]
	at org.springframework.context.annotation.ConfigurationClassEnhancer$BeanMethodInterceptor.intercept(ConfigurationClassEnhancer.java:363) ~[spring-context-5.1.2.RELEASE.jar:5.1.2.RELEASE]
	at xin.shaozeming.dubboxserver.config.config$$EnhancerBySpringCGLIB$$aa10dfd9.providerConfig(<generated>) ~[classes/:?]
	at sun.reflect.NativeMethodAccessorImpl.invoke0(Native Method) ~[?:1.8.0_162]
	at sun.reflect.NativeMethodAccessorImpl.invoke(NativeMethodAccessorImpl.java:62) ~[?:1.8.0_162]
	at sun.reflect.DelegatingMethodAccessorImpl.invoke(DelegatingMethodAccessorImpl.java:43) ~[?:1.8.0_162]
	at java.lang.reflect.Method.invoke(Method.java:498) ~[?:1.8.0_162]
	at org.springframework.beans.factory.support.SimpleInstantiationStrategy.instantiate(SimpleInstantiationStrategy.java:154) ~[spring-beans-5.1.2.RELEASE.jar:5.1.2.RELEASE]
	at org.springframework.beans.factory.support.ConstructorResolver.instantiate(ConstructorResolver.java:620) ~[spring-beans-5.1.2.RELEASE.jar:5.1.2.RELEASE]
	... 17 more
[11:04:56:239] [WARN] - org.springframework.context.support.AbstractApplicationContext.refresh(AbstractApplicationContext.java:554) - Exception encountered during context initialization - cancelling refresh attempt: org.springframework.beans.factory.BeanCreationException: Error creating bean with name 'providerConfig' defined in class path resource [xin/shaozeming/dubboxserver/config/config.class]: Bean instantiation via factory method failed; nested exception is org.springframework.beans.BeanInstantiationException: Failed to instantiate [com.alibaba.dubbo.config.ProviderConfig]: Factory method 'providerConfig' threw exception; nested exception is java.lang.IllegalStateException: No such extension myExceptionFilter for filter/com.alibaba.dubbo.rpc.Filter
[11:04:56:259] [ERROR] - org.springframework.boot.SpringApplication.reportFailure(SpringApplication.java:858) - Application run failed
org.springframework.beans.factory.BeanCreationException: Error creating bean with name 'providerConfig' defined in class path resource [xin/shaozeming/dubboxserver/config/config.class]: Bean instantiation via factory method failed; nested exception is org.springframework.beans.BeanInstantiationException: Failed to instantiate [com.alibaba.dubbo.config.ProviderConfig]: Factory method 'providerConfig' threw exception; nested exception is java.lang.IllegalStateException: No such extension myExceptionFilter for filter/com.alibaba.dubbo.rpc.Filter
	at org.springframework.beans.factory.support.ConstructorResolver.instantiate(ConstructorResolver.java:625) ~[spring-beans-5.1.2.RELEASE.jar:5.1.2.RELEASE]
	at org.springframework.beans.factory.support.ConstructorResolver.instantiateUsingFactoryMethod(ConstructorResolver.java:455) ~[spring-beans-5.1.2.RELEASE.jar:5.1.2.RELEASE]
	at org.springframework.beans.factory.support.AbstractAutowireCapableBeanFactory.instantiateUsingFactoryMethod(AbstractAutowireCapableBeanFactory.java:1288) ~[spring-beans-5.1.2.RELEASE.jar:5.1.2.RELEASE]
	at org.springframework.beans.factory.support.AbstractAutowireCapableBeanFactory.createBeanInstance(AbstractAutowireCapableBeanFactory.java:1127) ~[spring-beans-5.1.2.RELEASE.jar:5.1.2.RELEASE]
	at org.springframework.beans.factory.support.AbstractAutowireCapableBeanFactory.doCreateBean(AbstractAutowireCapableBeanFactory.java:538) ~[spring-beans-5.1.2.RELEASE.jar:5.1.2.RELEASE]
	at org.springframework.beans.factory.support.AbstractAutowireCapableBeanFactory.createBean(AbstractAutowireCapableBeanFactory.java:498) ~[spring-beans-5.1.2.RELEASE.jar:5.1.2.RELEASE]
	at org.springframework.beans.factory.support.AbstractBeanFactory.lambda$doGetBean$0(AbstractBeanFactory.java:320) ~[spring-beans-5.1.2.RELEASE.jar:5.1.2.RELEASE]
	at org.springframework.beans.factory.support.DefaultSingletonBeanRegistry.getSingleton(DefaultSingletonBeanRegistry.java:222) ~[spring-beans-5.1.2.RELEASE.jar:5.1.2.RELEASE]
	at org.springframework.beans.factory.support.AbstractBeanFactory.doGetBean(AbstractBeanFactory.java:318) ~[spring-beans-5.1.2.RELEASE.jar:5.1.2.RELEASE]
	at org.springframework.beans.factory.support.AbstractBeanFactory.getBean(AbstractBeanFactory.java:199) ~[spring-beans-5.1.2.RELEASE.jar:5.1.2.RELEASE]
	at org.springframework.beans.factory.support.DefaultListableBeanFactory.preInstantiateSingletons(DefaultListableBeanFactory.java:846) ~[spring-beans-5.1.2.RELEASE.jar:5.1.2.RELEASE]
	at org.springframework.context.support.AbstractApplicationContext.finishBeanFactoryInitialization(AbstractApplicationContext.java:863) ~[spring-context-5.1.2.RELEASE.jar:5.1.2.RELEASE]
	at org.springframework.context.support.AbstractApplicationContext.refresh(AbstractApplicationContext.java:546) ~[spring-context-5.1.2.RELEASE.jar:5.1.2.RELEASE]
	at org.springframework.boot.SpringApplication.refresh(SpringApplication.java:775) [spring-boot-2.1.0.BUILD-20181030.064057-619.jar:2.1.0.BUILD-SNAPSHOT]
	at org.springframework.boot.SpringApplication.refreshContext(SpringApplication.java:397) [spring-boot-2.1.0.BUILD-20181030.064057-619.jar:2.1.0.BUILD-SNAPSHOT]
	at org.springframework.boot.SpringApplication.run(SpringApplication.java:316) [spring-boot-2.1.0.BUILD-20181030.064057-619.jar:2.1.0.BUILD-SNAPSHOT]
	at org.springframework.boot.builder.SpringApplicationBuilder.run(SpringApplicationBuilder.java:139) [spring-boot-2.1.0.BUILD-20181030.064057-619.jar:2.1.0.BUILD-SNAPSHOT]
	at xin.shaozeming.dubboxserver.ServerStart.main(ServerStart.java:27) [classes/:?]
Caused by: org.springframework.beans.BeanInstantiationException: Failed to instantiate [com.alibaba.dubbo.config.ProviderConfig]: Factory method 'providerConfig' threw exception; nested exception is java.lang.IllegalStateException: No such extension myExceptionFilter for filter/com.alibaba.dubbo.rpc.Filter
	at org.springframework.beans.factory.support.SimpleInstantiationStrategy.instantiate(SimpleInstantiationStrategy.java:185) ~[spring-beans-5.1.2.RELEASE.jar:5.1.2.RELEASE]
	at org.springframework.beans.factory.support.ConstructorResolver.instantiate(ConstructorResolver.java:620) ~[spring-beans-5.1.2.RELEASE.jar:5.1.2.RELEASE]
	... 17 more
Caused by: java.lang.IllegalStateException: No such extension myExceptionFilter for filter/com.alibaba.dubbo.rpc.Filter
	at com.alibaba.dubbo.config.AbstractConfig.checkMultiExtension(AbstractConfig.java:383) ~[dubbo-2.8.4.jar:2.8.4]
	at com.alibaba.dubbo.config.AbstractInterfaceConfig.setFilter(AbstractInterfaceConfig.java:401) ~[dubbo-2.8.4.jar:2.8.4]
	at xin.shaozeming.dubboxserver.config.config.providerConfig(config.java:63) ~[classes/:?]
	at xin.shaozeming.dubboxserver.config.config$$EnhancerBySpringCGLIB$$da6fd595.CGLIB$providerConfig$0(<generated>) ~[classes/:?]
	at xin.shaozeming.dubboxserver.config.config$$EnhancerBySpringCGLIB$$da6fd595$$FastClassBySpringCGLIB$$3fd047c.invoke(<generated>) ~[classes/:?]
	at org.springframework.cglib.proxy.MethodProxy.invokeSuper(MethodProxy.java:244) ~[spring-core-5.1.2.RELEASE.jar:5.1.2.RELEASE]
	at org.springframework.context.annotation.ConfigurationClassEnhancer$BeanMethodInterceptor.intercept(ConfigurationClassEnhancer.java:363) ~[spring-context-5.1.2.RELEASE.jar:5.1.2.RELEASE]
	at xin.shaozeming.dubboxserver.config.config$$EnhancerBySpringCGLIB$$da6fd595.providerConfig(<generated>) ~[classes/:?]
	at sun.reflect.NativeMethodAccessorImpl.invoke0(Native Method) ~[?:1.8.0_162]
	at sun.reflect.NativeMethodAccessorImpl.invoke(NativeMethodAccessorImpl.java:62) ~[?:1.8.0_162]
	at sun.reflect.DelegatingMethodAccessorImpl.invoke(DelegatingMethodAccessorImpl.java:43) ~[?:1.8.0_162]
	at java.lang.reflect.Method.invoke(Method.java:498) ~[?:1.8.0_162]
	at org.springframework.beans.factory.support.SimpleInstantiationStrategy.instantiate(SimpleInstantiationStrategy.java:154) ~[spring-beans-5.1.2.RELEASE.jar:5.1.2.RELEASE]
	at org.springframework.beans.factory.support.ConstructorResolver.instantiate(ConstructorResolver.java:620) ~[spring-beans-5.1.2.RELEASE.jar:5.1.2.RELEASE]
	... 17 more
[11:06:55:210] [WARN] - org.springframework.context.support.AbstractApplicationContext.refresh(AbstractApplicationContext.java:554) - Exception encountered during context initialization - cancelling refresh attempt: org.springframework.beans.factory.BeanCreationException: Error creating bean with name 'providerConfig' defined in class path resource [xin/shaozeming/dubboxserver/config/config.class]: Bean instantiation via factory method failed; nested exception is org.springframework.beans.BeanInstantiationException: Failed to instantiate [com.alibaba.dubbo.config.ProviderConfig]: Factory method 'providerConfig' threw exception; nested exception is java.lang.IllegalStateException: No such extension xin.shaozeming.dubboxserver.api.MyExceptionFilter for filter/com.alibaba.dubbo.rpc.Filter
[11:06:55:220] [ERROR] - org.springframework.boot.SpringApplication.reportFailure(SpringApplication.java:858) - Application run failed
org.springframework.beans.factory.BeanCreationException: Error creating bean with name 'providerConfig' defined in class path resource [xin/shaozeming/dubboxserver/config/config.class]: Bean instantiation via factory method failed; nested exception is org.springframework.beans.BeanInstantiationException: Failed to instantiate [com.alibaba.dubbo.config.ProviderConfig]: Factory method 'providerConfig' threw exception; nested exception is java.lang.IllegalStateException: No such extension xin.shaozeming.dubboxserver.api.MyExceptionFilter for filter/com.alibaba.dubbo.rpc.Filter
	at org.springframework.beans.factory.support.ConstructorResolver.instantiate(ConstructorResolver.java:625) ~[spring-beans-5.1.2.RELEASE.jar:5.1.2.RELEASE]
	at org.springframework.beans.factory.support.ConstructorResolver.instantiateUsingFactoryMethod(ConstructorResolver.java:455) ~[spring-beans-5.1.2.RELEASE.jar:5.1.2.RELEASE]
	at org.springframework.beans.factory.support.AbstractAutowireCapableBeanFactory.instantiateUsingFactoryMethod(AbstractAutowireCapableBeanFactory.java:1288) ~[spring-beans-5.1.2.RELEASE.jar:5.1.2.RELEASE]
	at org.springframework.beans.factory.support.AbstractAutowireCapableBeanFactory.createBeanInstance(AbstractAutowireCapableBeanFactory.java:1127) ~[spring-beans-5.1.2.RELEASE.jar:5.1.2.RELEASE]
	at org.springframework.beans.factory.support.AbstractAutowireCapableBeanFactory.doCreateBean(AbstractAutowireCapableBeanFactory.java:538) ~[spring-beans-5.1.2.RELEASE.jar:5.1.2.RELEASE]
	at org.springframework.beans.factory.support.AbstractAutowireCapableBeanFactory.createBean(AbstractAutowireCapableBeanFactory.java:498) ~[spring-beans-5.1.2.RELEASE.jar:5.1.2.RELEASE]
	at org.springframework.beans.factory.support.AbstractBeanFactory.lambda$doGetBean$0(AbstractBeanFactory.java:320) ~[spring-beans-5.1.2.RELEASE.jar:5.1.2.RELEASE]
	at org.springframework.beans.factory.support.DefaultSingletonBeanRegistry.getSingleton(DefaultSingletonBeanRegistry.java:222) ~[spring-beans-5.1.2.RELEASE.jar:5.1.2.RELEASE]
	at org.springframework.beans.factory.support.AbstractBeanFactory.doGetBean(AbstractBeanFactory.java:318) ~[spring-beans-5.1.2.RELEASE.jar:5.1.2.RELEASE]
	at org.springframework.beans.factory.support.AbstractBeanFactory.getBean(AbstractBeanFactory.java:199) ~[spring-beans-5.1.2.RELEASE.jar:5.1.2.RELEASE]
	at org.springframework.beans.factory.support.DefaultListableBeanFactory.preInstantiateSingletons(DefaultListableBeanFactory.java:846) ~[spring-beans-5.1.2.RELEASE.jar:5.1.2.RELEASE]
	at org.springframework.context.support.AbstractApplicationContext.finishBeanFactoryInitialization(AbstractApplicationContext.java:863) ~[spring-context-5.1.2.RELEASE.jar:5.1.2.RELEASE]
	at org.springframework.context.support.AbstractApplicationContext.refresh(AbstractApplicationContext.java:546) ~[spring-context-5.1.2.RELEASE.jar:5.1.2.RELEASE]
	at org.springframework.boot.SpringApplication.refresh(SpringApplication.java:775) [spring-boot-2.1.0.BUILD-20181030.064057-619.jar:2.1.0.BUILD-SNAPSHOT]
	at org.springframework.boot.SpringApplication.refreshContext(SpringApplication.java:397) [spring-boot-2.1.0.BUILD-20181030.064057-619.jar:2.1.0.BUILD-SNAPSHOT]
	at org.springframework.boot.SpringApplication.run(SpringApplication.java:316) [spring-boot-2.1.0.BUILD-20181030.064057-619.jar:2.1.0.BUILD-SNAPSHOT]
	at org.springframework.boot.builder.SpringApplicationBuilder.run(SpringApplicationBuilder.java:139) [spring-boot-2.1.0.BUILD-20181030.064057-619.jar:2.1.0.BUILD-SNAPSHOT]
	at xin.shaozeming.dubboxserver.ServerStart.main(ServerStart.java:27) [classes/:?]
Caused by: org.springframework.beans.BeanInstantiationException: Failed to instantiate [com.alibaba.dubbo.config.ProviderConfig]: Factory method 'providerConfig' threw exception; nested exception is java.lang.IllegalStateException: No such extension xin.shaozeming.dubboxserver.api.MyExceptionFilter for filter/com.alibaba.dubbo.rpc.Filter
	at org.springframework.beans.factory.support.SimpleInstantiationStrategy.instantiate(SimpleInstantiationStrategy.java:185) ~[spring-beans-5.1.2.RELEASE.jar:5.1.2.RELEASE]
	at org.springframework.beans.factory.support.ConstructorResolver.instantiate(ConstructorResolver.java:620) ~[spring-beans-5.1.2.RELEASE.jar:5.1.2.RELEASE]
	... 17 more
Caused by: java.lang.IllegalStateException: No such extension xin.shaozeming.dubboxserver.api.MyExceptionFilter for filter/com.alibaba.dubbo.rpc.Filter
	at com.alibaba.dubbo.config.AbstractConfig.checkMultiExtension(AbstractConfig.java:383) ~[dubbo-2.8.4.jar:2.8.4]
	at com.alibaba.dubbo.config.AbstractInterfaceConfig.setFilter(AbstractInterfaceConfig.java:401) ~[dubbo-2.8.4.jar:2.8.4]
	at xin.shaozeming.dubboxserver.config.config.providerConfig(config.java:62) ~[classes/:?]
	at xin.shaozeming.dubboxserver.config.config$$EnhancerBySpringCGLIB$$f1af5f40.CGLIB$providerConfig$1(<generated>) ~[classes/:?]
	at xin.shaozeming.dubboxserver.config.config$$EnhancerBySpringCGLIB$$f1af5f40$$FastClassBySpringCGLIB$$31dffe9f.invoke(<generated>) ~[classes/:?]
	at org.springframework.cglib.proxy.MethodProxy.invokeSuper(MethodProxy.java:244) ~[spring-core-5.1.2.RELEASE.jar:5.1.2.RELEASE]
	at org.springframework.context.annotation.ConfigurationClassEnhancer$BeanMethodInterceptor.intercept(ConfigurationClassEnhancer.java:363) ~[spring-context-5.1.2.RELEASE.jar:5.1.2.RELEASE]
	at xin.shaozeming.dubboxserver.config.config$$EnhancerBySpringCGLIB$$f1af5f40.providerConfig(<generated>) ~[classes/:?]
	at sun.reflect.NativeMethodAccessorImpl.invoke0(Native Method) ~[?:1.8.0_162]
	at sun.reflect.NativeMethodAccessorImpl.invoke(NativeMethodAccessorImpl.java:62) ~[?:1.8.0_162]
	at sun.reflect.DelegatingMethodAccessorImpl.invoke(DelegatingMethodAccessorImpl.java:43) ~[?:1.8.0_162]
	at java.lang.reflect.Method.invoke(Method.java:498) ~[?:1.8.0_162]
	at org.springframework.beans.factory.support.SimpleInstantiationStrategy.instantiate(SimpleInstantiationStrategy.java:154) ~[spring-beans-5.1.2.RELEASE.jar:5.1.2.RELEASE]
	at org.springframework.beans.factory.support.ConstructorResolver.instantiate(ConstructorResolver.java:620) ~[spring-beans-5.1.2.RELEASE.jar:5.1.2.RELEASE]
	... 17 more
[11:07:59:900] [WARN] - org.springframework.context.support.AbstractApplicationContext.refresh(AbstractApplicationContext.java:554) - Exception encountered during context initialization - cancelling refresh attempt: org.springframework.beans.factory.BeanCreationException: Error creating bean with name 'providerConfig' defined in class path resource [xin/shaozeming/dubboxserver/config/config.class]: Bean instantiation via factory method failed; nested exception is org.springframework.beans.BeanInstantiationException: Failed to instantiate [com.alibaba.dubbo.config.ProviderConfig]: Factory method 'providerConfig' threw exception; nested exception is java.lang.IllegalStateException: No such extension myExceptionFilter for filter/com.alibaba.dubbo.rpc.Filter
[11:07:59:910] [ERROR] - org.springframework.boot.SpringApplication.reportFailure(SpringApplication.java:858) - Application run failed
org.springframework.beans.factory.BeanCreationException: Error creating bean with name 'providerConfig' defined in class path resource [xin/shaozeming/dubboxserver/config/config.class]: Bean instantiation via factory method failed; nested exception is org.springframework.beans.BeanInstantiationException: Failed to instantiate [com.alibaba.dubbo.config.ProviderConfig]: Factory method 'providerConfig' threw exception; nested exception is java.lang.IllegalStateException: No such extension myExceptionFilter for filter/com.alibaba.dubbo.rpc.Filter
	at org.springframework.beans.factory.support.ConstructorResolver.instantiate(ConstructorResolver.java:625) ~[spring-beans-5.1.2.RELEASE.jar:5.1.2.RELEASE]
	at org.springframework.beans.factory.support.ConstructorResolver.instantiateUsingFactoryMethod(ConstructorResolver.java:455) ~[spring-beans-5.1.2.RELEASE.jar:5.1.2.RELEASE]
	at org.springframework.beans.factory.support.AbstractAutowireCapableBeanFactory.instantiateUsingFactoryMethod(AbstractAutowireCapableBeanFactory.java:1288) ~[spring-beans-5.1.2.RELEASE.jar:5.1.2.RELEASE]
	at org.springframework.beans.factory.support.AbstractAutowireCapableBeanFactory.createBeanInstance(AbstractAutowireCapableBeanFactory.java:1127) ~[spring-beans-5.1.2.RELEASE.jar:5.1.2.RELEASE]
	at org.springframework.beans.factory.support.AbstractAutowireCapableBeanFactory.doCreateBean(AbstractAutowireCapableBeanFactory.java:538) ~[spring-beans-5.1.2.RELEASE.jar:5.1.2.RELEASE]
	at org.springframework.beans.factory.support.AbstractAutowireCapableBeanFactory.createBean(AbstractAutowireCapableBeanFactory.java:498) ~[spring-beans-5.1.2.RELEASE.jar:5.1.2.RELEASE]
	at org.springframework.beans.factory.support.AbstractBeanFactory.lambda$doGetBean$0(AbstractBeanFactory.java:320) ~[spring-beans-5.1.2.RELEASE.jar:5.1.2.RELEASE]
	at org.springframework.beans.factory.support.DefaultSingletonBeanRegistry.getSingleton(DefaultSingletonBeanRegistry.java:222) ~[spring-beans-5.1.2.RELEASE.jar:5.1.2.RELEASE]
	at org.springframework.beans.factory.support.AbstractBeanFactory.doGetBean(AbstractBeanFactory.java:318) ~[spring-beans-5.1.2.RELEASE.jar:5.1.2.RELEASE]
	at org.springframework.beans.factory.support.AbstractBeanFactory.getBean(AbstractBeanFactory.java:199) ~[spring-beans-5.1.2.RELEASE.jar:5.1.2.RELEASE]
	at org.springframework.beans.factory.support.DefaultListableBeanFactory.preInstantiateSingletons(DefaultListableBeanFactory.java:846) ~[spring-beans-5.1.2.RELEASE.jar:5.1.2.RELEASE]
	at org.springframework.context.support.AbstractApplicationContext.finishBeanFactoryInitialization(AbstractApplicationContext.java:863) ~[spring-context-5.1.2.RELEASE.jar:5.1.2.RELEASE]
	at org.springframework.context.support.AbstractApplicationContext.refresh(AbstractApplicationContext.java:546) ~[spring-context-5.1.2.RELEASE.jar:5.1.2.RELEASE]
	at org.springframework.boot.SpringApplication.refresh(SpringApplication.java:775) [spring-boot-2.1.0.BUILD-20181030.064057-619.jar:2.1.0.BUILD-SNAPSHOT]
	at org.springframework.boot.SpringApplication.refreshContext(SpringApplication.java:397) [spring-boot-2.1.0.BUILD-20181030.064057-619.jar:2.1.0.BUILD-SNAPSHOT]
	at org.springframework.boot.SpringApplication.run(SpringApplication.java:316) [spring-boot-2.1.0.BUILD-20181030.064057-619.jar:2.1.0.BUILD-SNAPSHOT]
	at org.springframework.boot.builder.SpringApplicationBuilder.run(SpringApplicationBuilder.java:139) [spring-boot-2.1.0.BUILD-20181030.064057-619.jar:2.1.0.BUILD-SNAPSHOT]
	at xin.shaozeming.dubboxserver.ServerStart.main(ServerStart.java:27) [classes/:?]
Caused by: org.springframework.beans.BeanInstantiationException: Failed to instantiate [com.alibaba.dubbo.config.ProviderConfig]: Factory method 'providerConfig' threw exception; nested exception is java.lang.IllegalStateException: No such extension myExceptionFilter for filter/com.alibaba.dubbo.rpc.Filter
	at org.springframework.beans.factory.support.SimpleInstantiationStrategy.instantiate(SimpleInstantiationStrategy.java:185) ~[spring-beans-5.1.2.RELEASE.jar:5.1.2.RELEASE]
	at org.springframework.beans.factory.support.ConstructorResolver.instantiate(ConstructorResolver.java:620) ~[spring-beans-5.1.2.RELEASE.jar:5.1.2.RELEASE]
	... 17 more
Caused by: java.lang.IllegalStateException: No such extension myExceptionFilter for filter/com.alibaba.dubbo.rpc.Filter
	at com.alibaba.dubbo.config.AbstractConfig.checkMultiExtension(AbstractConfig.java:383) ~[dubbo-2.8.4.jar:2.8.4]
	at com.alibaba.dubbo.config.AbstractInterfaceConfig.setFilter(AbstractInterfaceConfig.java:401) ~[dubbo-2.8.4.jar:2.8.4]
	at xin.shaozeming.dubboxserver.config.config.providerConfig(config.java:62) ~[classes/:?]
	at xin.shaozeming.dubboxserver.config.config$$EnhancerBySpringCGLIB$$1f1ba74d.CGLIB$providerConfig$2(<generated>) ~[classes/:?]
	at xin.shaozeming.dubboxserver.config.config$$EnhancerBySpringCGLIB$$1f1ba74d$$FastClassBySpringCGLIB$$51de4d2e.invoke(<generated>) ~[classes/:?]
	at org.springframework.cglib.proxy.MethodProxy.invokeSuper(MethodProxy.java:244) ~[spring-core-5.1.2.RELEASE.jar:5.1.2.RELEASE]
	at org.springframework.context.annotation.ConfigurationClassEnhancer$BeanMethodInterceptor.intercept(ConfigurationClassEnhancer.java:363) ~[spring-context-5.1.2.RELEASE.jar:5.1.2.RELEASE]
	at xin.shaozeming.dubboxserver.config.config$$EnhancerBySpringCGLIB$$1f1ba74d.providerConfig(<generated>) ~[classes/:?]
	at sun.reflect.NativeMethodAccessorImpl.invoke0(Native Method) ~[?:1.8.0_162]
	at sun.reflect.NativeMethodAccessorImpl.invoke(NativeMethodAccessorImpl.java:62) ~[?:1.8.0_162]
	at sun.reflect.DelegatingMethodAccessorImpl.invoke(DelegatingMethodAccessorImpl.java:43) ~[?:1.8.0_162]
	at java.lang.reflect.Method.invoke(Method.java:498) ~[?:1.8.0_162]
	at org.springframework.beans.factory.support.SimpleInstantiationStrategy.instantiate(SimpleInstantiationStrategy.java:154) ~[spring-beans-5.1.2.RELEASE.jar:5.1.2.RELEASE]
	at org.springframework.beans.factory.support.ConstructorResolver.instantiate(ConstructorResolver.java:620) ~[spring-beans-5.1.2.RELEASE.jar:5.1.2.RELEASE]
	... 17 more
[11:14:51:972] [WARN] - org.springframework.context.support.AbstractApplicationContext.refresh(AbstractApplicationContext.java:554) - Exception encountered during context initialization - cancelling refresh attempt: org.springframework.beans.factory.BeanCreationException: Error creating bean with name 'providerConfig' defined in class path resource [xin/shaozeming/dubboxserver/config/config.class]: Bean instantiation via factory method failed; nested exception is org.springframework.beans.BeanInstantiationException: Failed to instantiate [com.alibaba.dubbo.config.ProviderConfig]: Factory method 'providerConfig' threw exception; nested exception is java.lang.IllegalStateException: No such extension myExceptionFilter for filter/com.alibaba.dubbo.rpc.Filter
[11:14:51:992] [ERROR] - org.springframework.boot.SpringApplication.reportFailure(SpringApplication.java:858) - Application run failed
org.springframework.beans.factory.BeanCreationException: Error creating bean with name 'providerConfig' defined in class path resource [xin/shaozeming/dubboxserver/config/config.class]: Bean instantiation via factory method failed; nested exception is org.springframework.beans.BeanInstantiationException: Failed to instantiate [com.alibaba.dubbo.config.ProviderConfig]: Factory method 'providerConfig' threw exception; nested exception is java.lang.IllegalStateException: No such extension myExceptionFilter for filter/com.alibaba.dubbo.rpc.Filter
	at org.springframework.beans.factory.support.ConstructorResolver.instantiate(ConstructorResolver.java:625) ~[spring-beans-5.1.2.RELEASE.jar:5.1.2.RELEASE]
	at org.springframework.beans.factory.support.ConstructorResolver.instantiateUsingFactoryMethod(ConstructorResolver.java:455) ~[spring-beans-5.1.2.RELEASE.jar:5.1.2.RELEASE]
	at org.springframework.beans.factory.support.AbstractAutowireCapableBeanFactory.instantiateUsingFactoryMethod(AbstractAutowireCapableBeanFactory.java:1288) ~[spring-beans-5.1.2.RELEASE.jar:5.1.2.RELEASE]
	at org.springframework.beans.factory.support.AbstractAutowireCapableBeanFactory.createBeanInstance(AbstractAutowireCapableBeanFactory.java:1127) ~[spring-beans-5.1.2.RELEASE.jar:5.1.2.RELEASE]
	at org.springframework.beans.factory.support.AbstractAutowireCapableBeanFactory.doCreateBean(AbstractAutowireCapableBeanFactory.java:538) ~[spring-beans-5.1.2.RELEASE.jar:5.1.2.RELEASE]
	at org.springframework.beans.factory.support.AbstractAutowireCapableBeanFactory.createBean(AbstractAutowireCapableBeanFactory.java:498) ~[spring-beans-5.1.2.RELEASE.jar:5.1.2.RELEASE]
	at org.springframework.beans.factory.support.AbstractBeanFactory.lambda$doGetBean$0(AbstractBeanFactory.java:320) ~[spring-beans-5.1.2.RELEASE.jar:5.1.2.RELEASE]
	at org.springframework.beans.factory.support.DefaultSingletonBeanRegistry.getSingleton(DefaultSingletonBeanRegistry.java:222) ~[spring-beans-5.1.2.RELEASE.jar:5.1.2.RELEASE]
	at org.springframework.beans.factory.support.AbstractBeanFactory.doGetBean(AbstractBeanFactory.java:318) ~[spring-beans-5.1.2.RELEASE.jar:5.1.2.RELEASE]
	at org.springframework.beans.factory.support.AbstractBeanFactory.getBean(AbstractBeanFactory.java:199) ~[spring-beans-5.1.2.RELEASE.jar:5.1.2.RELEASE]
	at org.springframework.beans.factory.support.DefaultListableBeanFactory.preInstantiateSingletons(DefaultListableBeanFactory.java:846) ~[spring-beans-5.1.2.RELEASE.jar:5.1.2.RELEASE]
	at org.springframework.context.support.AbstractApplicationContext.finishBeanFactoryInitialization(AbstractApplicationContext.java:863) ~[spring-context-5.1.2.RELEASE.jar:5.1.2.RELEASE]
	at org.springframework.context.support.AbstractApplicationContext.refresh(AbstractApplicationContext.java:546) ~[spring-context-5.1.2.RELEASE.jar:5.1.2.RELEASE]
	at org.springframework.boot.SpringApplication.refresh(SpringApplication.java:775) [spring-boot-2.1.0.BUILD-20181030.064057-619.jar:2.1.0.BUILD-SNAPSHOT]
	at org.springframework.boot.SpringApplication.refreshContext(SpringApplication.java:397) [spring-boot-2.1.0.BUILD-20181030.064057-619.jar:2.1.0.BUILD-SNAPSHOT]
	at org.springframework.boot.SpringApplication.run(SpringApplication.java:316) [spring-boot-2.1.0.BUILD-20181030.064057-619.jar:2.1.0.BUILD-SNAPSHOT]
	at org.springframework.boot.builder.SpringApplicationBuilder.run(SpringApplicationBuilder.java:139) [spring-boot-2.1.0.BUILD-20181030.064057-619.jar:2.1.0.BUILD-SNAPSHOT]
	at xin.shaozeming.dubboxserver.ServerStart.main(ServerStart.java:27) [classes/:?]
Caused by: org.springframework.beans.BeanInstantiationException: Failed to instantiate [com.alibaba.dubbo.config.ProviderConfig]: Factory method 'providerConfig' threw exception; nested exception is java.lang.IllegalStateException: No such extension myExceptionFilter for filter/com.alibaba.dubbo.rpc.Filter
	at org.springframework.beans.factory.support.SimpleInstantiationStrategy.instantiate(SimpleInstantiationStrategy.java:185) ~[spring-beans-5.1.2.RELEASE.jar:5.1.2.RELEASE]
	at org.springframework.beans.factory.support.ConstructorResolver.instantiate(ConstructorResolver.java:620) ~[spring-beans-5.1.2.RELEASE.jar:5.1.2.RELEASE]
	... 17 more
Caused by: java.lang.IllegalStateException: No such extension myExceptionFilter for filter/com.alibaba.dubbo.rpc.Filter
	at com.alibaba.dubbo.config.AbstractConfig.checkMultiExtension(AbstractConfig.java:383) ~[dubbo-2.8.4.jar:2.8.4]
	at com.alibaba.dubbo.config.AbstractInterfaceConfig.setFilter(AbstractInterfaceConfig.java:401) ~[dubbo-2.8.4.jar:2.8.4]
	at xin.shaozeming.dubboxserver.config.config.providerConfig(config.java:62) ~[classes/:?]
	at xin.shaozeming.dubboxserver.config.config$$EnhancerBySpringCGLIB$$c758b25c.CGLIB$providerConfig$3(<generated>) ~[classes/:?]
	at xin.shaozeming.dubboxserver.config.config$$EnhancerBySpringCGLIB$$c758b25c$$FastClassBySpringCGLIB$$ea1818d7.invoke(<generated>) ~[classes/:?]
	at org.springframework.cglib.proxy.MethodProxy.invokeSuper(MethodProxy.java:244) ~[spring-core-5.1.2.RELEASE.jar:5.1.2.RELEASE]
	at org.springframework.context.annotation.ConfigurationClassEnhancer$BeanMethodInterceptor.intercept(ConfigurationClassEnhancer.java:363) ~[spring-context-5.1.2.RELEASE.jar:5.1.2.RELEASE]
	at xin.shaozeming.dubboxserver.config.config$$EnhancerBySpringCGLIB$$c758b25c.providerConfig(<generated>) ~[classes/:?]
	at sun.reflect.NativeMethodAccessorImpl.invoke0(Native Method) ~[?:1.8.0_162]
	at sun.reflect.NativeMethodAccessorImpl.invoke(NativeMethodAccessorImpl.java:62) ~[?:1.8.0_162]
	at sun.reflect.DelegatingMethodAccessorImpl.invoke(DelegatingMethodAccessorImpl.java:43) ~[?:1.8.0_162]
	at java.lang.reflect.Method.invoke(Method.java:498) ~[?:1.8.0_162]
	at org.springframework.beans.factory.support.SimpleInstantiationStrategy.instantiate(SimpleInstantiationStrategy.java:154) ~[spring-beans-5.1.2.RELEASE.jar:5.1.2.RELEASE]
	at org.springframework.beans.factory.support.ConstructorResolver.instantiate(ConstructorResolver.java:620) ~[spring-beans-5.1.2.RELEASE.jar:5.1.2.RELEASE]
	... 17 more
[11:16:18:225] [WARN] - org.springframework.context.support.AbstractApplicationContext.refresh(AbstractApplicationContext.java:554) - Exception encountered during context initialization - cancelling refresh attempt: org.springframework.beans.factory.BeanCreationException: Error creating bean with name 'providerConfig' defined in class path resource [xin/shaozeming/dubboxserver/config/config.class]: Bean instantiation via factory method failed; nested exception is org.springframework.beans.BeanInstantiationException: Failed to instantiate [com.alibaba.dubbo.config.ProviderConfig]: Factory method 'providerConfig' threw exception; nested exception is java.lang.IllegalStateException: No such extension myExceptionFilter for filter/com.alibaba.dubbo.rpc.Filter
[11:16:18:245] [ERROR] - org.springframework.boot.SpringApplication.reportFailure(SpringApplication.java:858) - Application run failed
org.springframework.beans.factory.BeanCreationException: Error creating bean with name 'providerConfig' defined in class path resource [xin/shaozeming/dubboxserver/config/config.class]: Bean instantiation via factory method failed; nested exception is org.springframework.beans.BeanInstantiationException: Failed to instantiate [com.alibaba.dubbo.config.ProviderConfig]: Factory method 'providerConfig' threw exception; nested exception is java.lang.IllegalStateException: No such extension myExceptionFilter for filter/com.alibaba.dubbo.rpc.Filter
	at org.springframework.beans.factory.support.ConstructorResolver.instantiate(ConstructorResolver.java:625) ~[spring-beans-5.1.2.RELEASE.jar:5.1.2.RELEASE]
	at org.springframework.beans.factory.support.ConstructorResolver.instantiateUsingFactoryMethod(ConstructorResolver.java:455) ~[spring-beans-5.1.2.RELEASE.jar:5.1.2.RELEASE]
	at org.springframework.beans.factory.support.AbstractAutowireCapableBeanFactory.instantiateUsingFactoryMethod(AbstractAutowireCapableBeanFactory.java:1288) ~[spring-beans-5.1.2.RELEASE.jar:5.1.2.RELEASE]
	at org.springframework.beans.factory.support.AbstractAutowireCapableBeanFactory.createBeanInstance(AbstractAutowireCapableBeanFactory.java:1127) ~[spring-beans-5.1.2.RELEASE.jar:5.1.2.RELEASE]
	at org.springframework.beans.factory.support.AbstractAutowireCapableBeanFactory.doCreateBean(AbstractAutowireCapableBeanFactory.java:538) ~[spring-beans-5.1.2.RELEASE.jar:5.1.2.RELEASE]
	at org.springframework.beans.factory.support.AbstractAutowireCapableBeanFactory.createBean(AbstractAutowireCapableBeanFactory.java:498) ~[spring-beans-5.1.2.RELEASE.jar:5.1.2.RELEASE]
	at org.springframework.beans.factory.support.AbstractBeanFactory.lambda$doGetBean$0(AbstractBeanFactory.java:320) ~[spring-beans-5.1.2.RELEASE.jar:5.1.2.RELEASE]
	at org.springframework.beans.factory.support.DefaultSingletonBeanRegistry.getSingleton(DefaultSingletonBeanRegistry.java:222) ~[spring-beans-5.1.2.RELEASE.jar:5.1.2.RELEASE]
	at org.springframework.beans.factory.support.AbstractBeanFactory.doGetBean(AbstractBeanFactory.java:318) ~[spring-beans-5.1.2.RELEASE.jar:5.1.2.RELEASE]
	at org.springframework.beans.factory.support.AbstractBeanFactory.getBean(AbstractBeanFactory.java:199) ~[spring-beans-5.1.2.RELEASE.jar:5.1.2.RELEASE]
	at org.springframework.beans.factory.support.DefaultListableBeanFactory.preInstantiateSingletons(DefaultListableBeanFactory.java:846) ~[spring-beans-5.1.2.RELEASE.jar:5.1.2.RELEASE]
	at org.springframework.context.support.AbstractApplicationContext.finishBeanFactoryInitialization(AbstractApplicationContext.java:863) ~[spring-context-5.1.2.RELEASE.jar:5.1.2.RELEASE]
	at org.springframework.context.support.AbstractApplicationContext.refresh(AbstractApplicationContext.java:546) ~[spring-context-5.1.2.RELEASE.jar:5.1.2.RELEASE]
	at org.springframework.boot.SpringApplication.refresh(SpringApplication.java:775) [spring-boot-2.1.0.BUILD-20181030.064057-619.jar:2.1.0.BUILD-SNAPSHOT]
	at org.springframework.boot.SpringApplication.refreshContext(SpringApplication.java:397) [spring-boot-2.1.0.BUILD-20181030.064057-619.jar:2.1.0.BUILD-SNAPSHOT]
	at org.springframework.boot.SpringApplication.run(SpringApplication.java:316) [spring-boot-2.1.0.BUILD-20181030.064057-619.jar:2.1.0.BUILD-SNAPSHOT]
	at org.springframework.boot.builder.SpringApplicationBuilder.run(SpringApplicationBuilder.java:139) [spring-boot-2.1.0.BUILD-20181030.064057-619.jar:2.1.0.BUILD-SNAPSHOT]
	at xin.shaozeming.dubboxserver.ServerStart.main(ServerStart.java:27) [classes/:?]
Caused by: org.springframework.beans.BeanInstantiationException: Failed to instantiate [com.alibaba.dubbo.config.ProviderConfig]: Factory method 'providerConfig' threw exception; nested exception is java.lang.IllegalStateException: No such extension myExceptionFilter for filter/com.alibaba.dubbo.rpc.Filter
	at org.springframework.beans.factory.support.SimpleInstantiationStrategy.instantiate(SimpleInstantiationStrategy.java:185) ~[spring-beans-5.1.2.RELEASE.jar:5.1.2.RELEASE]
	at org.springframework.beans.factory.support.ConstructorResolver.instantiate(ConstructorResolver.java:620) ~[spring-beans-5.1.2.RELEASE.jar:5.1.2.RELEASE]
	... 17 more
Caused by: java.lang.IllegalStateException: No such extension myExceptionFilter for filter/com.alibaba.dubbo.rpc.Filter
	at com.alibaba.dubbo.config.AbstractConfig.checkMultiExtension(AbstractConfig.java:383) ~[dubbo-2.8.4.jar:2.8.4]
	at com.alibaba.dubbo.config.AbstractInterfaceConfig.setFilter(AbstractInterfaceConfig.java:401) ~[dubbo-2.8.4.jar:2.8.4]
	at xin.shaozeming.dubboxserver.config.config.providerConfig(config.java:65) ~[classes/:?]
	at xin.shaozeming.dubboxserver.config.config$$EnhancerBySpringCGLIB$$1df30abb.CGLIB$providerConfig$1(<generated>) ~[classes/:?]
	at xin.shaozeming.dubboxserver.config.config$$EnhancerBySpringCGLIB$$1df30abb$$FastClassBySpringCGLIB$$3fd6bbf3.invoke(<generated>) ~[classes/:?]
	at org.springframework.cglib.proxy.MethodProxy.invokeSuper(MethodProxy.java:244) ~[spring-core-5.1.2.RELEASE.jar:5.1.2.RELEASE]
	at org.springframework.context.annotation.ConfigurationClassEnhancer$BeanMethodInterceptor.intercept(ConfigurationClassEnhancer.java:363) ~[spring-context-5.1.2.RELEASE.jar:5.1.2.RELEASE]
	at xin.shaozeming.dubboxserver.config.config$$EnhancerBySpringCGLIB$$1df30abb.providerConfig(<generated>) ~[classes/:?]
	at sun.reflect.NativeMethodAccessorImpl.invoke0(Native Method) ~[?:1.8.0_162]
	at sun.reflect.NativeMethodAccessorImpl.invoke(NativeMethodAccessorImpl.java:62) ~[?:1.8.0_162]
	at sun.reflect.DelegatingMethodAccessorImpl.invoke(DelegatingMethodAccessorImpl.java:43) ~[?:1.8.0_162]
	at java.lang.reflect.Method.invoke(Method.java:498) ~[?:1.8.0_162]
	at org.springframework.beans.factory.support.SimpleInstantiationStrategy.instantiate(SimpleInstantiationStrategy.java:154) ~[spring-beans-5.1.2.RELEASE.jar:5.1.2.RELEASE]
	at org.springframework.beans.factory.support.ConstructorResolver.instantiate(ConstructorResolver.java:620) ~[spring-beans-5.1.2.RELEASE.jar:5.1.2.RELEASE]
	... 17 more
[12:21:43:827] [WARN] - org.springframework.context.support.AbstractApplicationContext.refresh(AbstractApplicationContext.java:554) - Exception encountered during context initialization - cancelling refresh attempt: org.springframework.beans.factory.BeanCreationException: Error creating bean with name 'helloServiceProvider' defined in file [I:\blog\dubbox\dubboxserver\target\classes\xin\shaozeming\dubboxserver\api\HelloServiceProvider.class]: Initialization of bean failed; nested exception is java.lang.NoSuchMethodError: org.apache.catalina.connector.Connector.setProtocol(Ljava/lang/String;)V
[12:21:43:848] [ERROR] - org.springframework.boot.diagnostics.LoggingFailureAnalysisReporter.report(LoggingFailureAnalysisReporter.java:42) - 

***************************
APPLICATION FAILED TO START
***************************

Description:

An attempt was made to call the method org.apache.catalina.connector.Connector.setProtocol(Ljava/lang/String;)V but it does not exist. Its class, org.apache.catalina.connector.Connector, is available from the following locations:

    jar:file:/C:/Users/Administrator/.m2/repository/org/apache/tomcat/embed/tomcat-embed-core/9.0.12/tomcat-embed-core-9.0.12.jar!/org/apache/catalina/connector/Connector.class

It was loaded from the following location:

    file:/C:/Users/Administrator/.m2/repository/org/apache/tomcat/embed/tomcat-embed-core/9.0.12/tomcat-embed-core-9.0.12.jar


Action:

Correct the classpath of your application so that it contains a single, compatible version of org.apache.catalina.connector.Connector

[12:23:10:843] [WARN] - org.springframework.context.support.AbstractApplicationContext.refresh(AbstractApplicationContext.java:554) - Exception encountered during context initialization - cancelling refresh attempt: org.springframework.beans.factory.BeanCreationException: Error creating bean with name 'helloServiceProvider' defined in file [I:\blog\dubbox\dubboxserver\target\classes\xin\shaozeming\dubboxserver\api\HelloServiceProvider.class]: Initialization of bean failed; nested exception is com.alibaba.dubbo.rpc.RpcException: Unsupported server type: tomcat, url: dubbo://169.254.146.140:8888/xin.shaozeming.dubboxapi.service.HelloService?accepts=500&anyhost=true&application=provider&channel.readonly.sent=true&dubbo=2.8.4&extension=com.alibaba.dubbo.rpc.protocol.rest.support.LoggingFilter&generic=false&heartbeat=60000&interface=xin.shaozeming.dubboxapi.service.HelloService&logger=slf4j&methods=sayHello&optimizer=xin.shaozeming.dubboxapi.SerializationOptimizerImpl&organization=dubbox&owner=programmer&pid=13876&serialization=kryo&server=tomcat&side=provider&threads=500&timestamp=1545798190743
[12:23:10:859] [ERROR] - org.springframework.boot.SpringApplication.reportFailure(SpringApplication.java:858) - Application run failed
org.springframework.beans.factory.BeanCreationException: Error creating bean with name 'helloServiceProvider' defined in file [I:\blog\dubbox\dubboxserver\target\classes\xin\shaozeming\dubboxserver\api\HelloServiceProvider.class]: Initialization of bean failed; nested exception is com.alibaba.dubbo.rpc.RpcException: Unsupported server type: tomcat, url: dubbo://169.254.146.140:8888/xin.shaozeming.dubboxapi.service.HelloService?accepts=500&anyhost=true&application=provider&channel.readonly.sent=true&dubbo=2.8.4&extension=com.alibaba.dubbo.rpc.protocol.rest.support.LoggingFilter&generic=false&heartbeat=60000&interface=xin.shaozeming.dubboxapi.service.HelloService&logger=slf4j&methods=sayHello&optimizer=xin.shaozeming.dubboxapi.SerializationOptimizerImpl&organization=dubbox&owner=programmer&pid=13876&serialization=kryo&server=tomcat&side=provider&threads=500&timestamp=1545798190743
	at org.springframework.beans.factory.support.AbstractAutowireCapableBeanFactory.doCreateBean(AbstractAutowireCapableBeanFactory.java:584) ~[spring-beans-5.1.2.RELEASE.jar:5.1.2.RELEASE]
	at org.springframework.beans.factory.support.AbstractAutowireCapableBeanFactory.createBean(AbstractAutowireCapableBeanFactory.java:498) ~[spring-beans-5.1.2.RELEASE.jar:5.1.2.RELEASE]
	at org.springframework.beans.factory.support.AbstractBeanFactory.lambda$doGetBean$0(AbstractBeanFactory.java:320) ~[spring-beans-5.1.2.RELEASE.jar:5.1.2.RELEASE]
	at org.springframework.beans.factory.support.DefaultSingletonBeanRegistry.getSingleton(DefaultSingletonBeanRegistry.java:222) ~[spring-beans-5.1.2.RELEASE.jar:5.1.2.RELEASE]
	at org.springframework.beans.factory.support.AbstractBeanFactory.doGetBean(AbstractBeanFactory.java:318) ~[spring-beans-5.1.2.RELEASE.jar:5.1.2.RELEASE]
	at org.springframework.beans.factory.support.AbstractBeanFactory.getBean(AbstractBeanFactory.java:199) ~[spring-beans-5.1.2.RELEASE.jar:5.1.2.RELEASE]
	at org.springframework.beans.factory.support.DefaultListableBeanFactory.preInstantiateSingletons(DefaultListableBeanFactory.java:846) ~[spring-beans-5.1.2.RELEASE.jar:5.1.2.RELEASE]
	at org.springframework.context.support.AbstractApplicationContext.finishBeanFactoryInitialization(AbstractApplicationContext.java:863) ~[spring-context-5.1.2.RELEASE.jar:5.1.2.RELEASE]
	at org.springframework.context.support.AbstractApplicationContext.refresh(AbstractApplicationContext.java:546) ~[spring-context-5.1.2.RELEASE.jar:5.1.2.RELEASE]
	at org.springframework.boot.SpringApplication.refresh(SpringApplication.java:775) [spring-boot-2.1.0.BUILD-20181030.064057-619.jar:2.1.0.BUILD-SNAPSHOT]
	at org.springframework.boot.SpringApplication.refreshContext(SpringApplication.java:397) [spring-boot-2.1.0.BUILD-20181030.064057-619.jar:2.1.0.BUILD-SNAPSHOT]
	at org.springframework.boot.SpringApplication.run(SpringApplication.java:316) [spring-boot-2.1.0.BUILD-20181030.064057-619.jar:2.1.0.BUILD-SNAPSHOT]
	at org.springframework.boot.builder.SpringApplicationBuilder.run(SpringApplicationBuilder.java:139) [spring-boot-2.1.0.BUILD-20181030.064057-619.jar:2.1.0.BUILD-SNAPSHOT]
	at xin.shaozeming.dubboxserver.ServerStart.main(ServerStart.java:27) [classes/:?]
Caused by: com.alibaba.dubbo.rpc.RpcException: Unsupported server type: tomcat, url: dubbo://169.254.146.140:8888/xin.shaozeming.dubboxapi.service.HelloService?accepts=500&anyhost=true&application=provider&channel.readonly.sent=true&dubbo=2.8.4&extension=com.alibaba.dubbo.rpc.protocol.rest.support.LoggingFilter&generic=false&heartbeat=60000&interface=xin.shaozeming.dubboxapi.service.HelloService&logger=slf4j&methods=sayHello&optimizer=xin.shaozeming.dubboxapi.SerializationOptimizerImpl&organization=dubbox&owner=programmer&pid=13876&serialization=kryo&server=tomcat&side=provider&threads=500&timestamp=1545798190743
	at com.alibaba.dubbo.rpc.protocol.dubbo.DubboProtocol.createServer(DubboProtocol.java:324) ~[dubbo-2.8.4.jar:2.8.4]
	at com.alibaba.dubbo.rpc.protocol.dubbo.DubboProtocol.openServer(DubboProtocol.java:308) ~[dubbo-2.8.4.jar:2.8.4]
	at com.alibaba.dubbo.rpc.protocol.dubbo.DubboProtocol.export(DubboProtocol.java:258) ~[dubbo-2.8.4.jar:2.8.4]
	at com.alibaba.dubbo.rpc.protocol.ProtocolListenerWrapper.export(ProtocolListenerWrapper.java:56) ~[dubbo-2.8.4.jar:2.8.4]
	at com.alibaba.dubbo.rpc.protocol.ProtocolFilterWrapper.export(ProtocolFilterWrapper.java:55) ~[dubbo-2.8.4.jar:2.8.4]
	at com.alibaba.dubbo.rpc.Protocol$Adpative.export(Protocol$Adpative.java) ~[dubbo-2.8.4.jar:2.8.4]
	at com.alibaba.dubbo.registry.integration.RegistryProtocol.doLocalExport(RegistryProtocol.java:153) ~[dubbo-2.8.4.jar:2.8.4]
	at com.alibaba.dubbo.registry.integration.RegistryProtocol.export(RegistryProtocol.java:107) ~[dubbo-2.8.4.jar:2.8.4]
	at com.alibaba.dubbo.rpc.protocol.ProtocolListenerWrapper.export(ProtocolListenerWrapper.java:54) ~[dubbo-2.8.4.jar:2.8.4]
	at com.alibaba.dubbo.rpc.protocol.ProtocolFilterWrapper.export(ProtocolFilterWrapper.java:53) ~[dubbo-2.8.4.jar:2.8.4]
	at com.alibaba.dubbo.rpc.Protocol$Adpative.export(Protocol$Adpative.java) ~[dubbo-2.8.4.jar:2.8.4]
	at com.alibaba.dubbo.config.ServiceConfig.doExportUrlsFor1Protocol(ServiceConfig.java:489) ~[dubbo-2.8.4.jar:2.8.4]
	at com.alibaba.dubbo.config.ServiceConfig.doExportUrls(ServiceConfig.java:285) ~[dubbo-2.8.4.jar:2.8.4]
	at com.alibaba.dubbo.config.ServiceConfig.doExport(ServiceConfig.java:246) ~[dubbo-2.8.4.jar:2.8.4]
	at com.alibaba.dubbo.config.ServiceConfig.export(ServiceConfig.java:145) ~[dubbo-2.8.4.jar:2.8.4]
	at com.alibaba.dubbo.config.spring.AnnotationBean.postProcessAfterInitialization(AnnotationBean.java:202) ~[dubbo-2.8.4.jar:2.8.4]
	at org.springframework.beans.factory.support.AbstractAutowireCapableBeanFactory.applyBeanPostProcessorsAfterInitialization(AbstractAutowireCapableBeanFactory.java:434) ~[spring-beans-5.1.2.RELEASE.jar:5.1.2.RELEASE]
	at org.springframework.beans.factory.support.AbstractAutowireCapableBeanFactory.initializeBean(AbstractAutowireCapableBeanFactory.java:1749) ~[spring-beans-5.1.2.RELEASE.jar:5.1.2.RELEASE]
	at org.springframework.beans.factory.support.AbstractAutowireCapableBeanFactory.doCreateBean(AbstractAutowireCapableBeanFactory.java:576) ~[spring-beans-5.1.2.RELEASE.jar:5.1.2.RELEASE]
	... 13 more
[13:14:46:320] [WARN] - org.apache.zookeeper.ClientCnxn$SendThread.run(ClientCnxn.java:1108) - Client session timed out, have not heard from server in 371326ms for sessionid 0x1000556b8d30085
[13:14:47:715] [WARN] - org.apache.zookeeper.ClientCnxn$SendThread.onConnected(ClientCnxn.java:1285) - Unable to reconnect to ZooKeeper service, session 0x1000556b8d30085 has expired
[13:14:51:338] [WARN] - org.apache.zookeeper.ClientCnxn$SendThread.run(ClientCnxn.java:1108) - Client session timed out, have not heard from server in 384710ms for sessionid 0x1000556b8d30084
[13:14:52:887] [WARN] - org.apache.zookeeper.ClientCnxn$SendThread.onConnected(ClientCnxn.java:1285) - Unable to reconnect to ZooKeeper service, session 0x1000556b8d30084 has expired
[14:16:45:544] [WARN] - org.springframework.context.support.AbstractApplicationContext.refresh(AbstractApplicationContext.java:554) - Exception encountered during context initialization - cancelling refresh attempt: org.springframework.beans.factory.BeanCreationException: Error creating bean with name 'helloServiceProvider' defined in file [I:\blog\dubbox\dubboxserver\target\classes\xin\shaozeming\dubboxserver\api\HelloServiceProvider.class]: Initialization of bean failed; nested exception is java.lang.NoSuchMethodError: org.apache.catalina.connector.Connector.setProtocol(Ljava/lang/String;)V
[14:16:45:570] [ERROR] - org.springframework.boot.diagnostics.LoggingFailureAnalysisReporter.report(LoggingFailureAnalysisReporter.java:42) - 

***************************
APPLICATION FAILED TO START
***************************

Description:

An attempt was made to call the method org.apache.catalina.connector.Connector.setProtocol(Ljava/lang/String;)V but it does not exist. Its class, org.apache.catalina.connector.Connector, is available from the following locations:

    jar:file:/C:/Users/Administrator/.m2/repository/org/apache/tomcat/embed/tomcat-embed-core/9.0.12/tomcat-embed-core-9.0.12.jar!/org/apache/catalina/connector/Connector.class

It was loaded from the following location:

    file:/C:/Users/Administrator/.m2/repository/org/apache/tomcat/embed/tomcat-embed-core/9.0.12/tomcat-embed-core-9.0.12.jar


Action:

Correct the classpath of your application so that it contains a single, compatible version of org.apache.catalina.connector.Connector

[14:25:05:417] [WARN] - org.springframework.context.support.AbstractApplicationContext.refresh(AbstractApplicationContext.java:554) - Exception encountered during context initialization - cancelling refresh attempt: org.springframework.beans.factory.BeanCreationException: Error creating bean with name 'helloServiceProvider' defined in file [I:\blog\dubbox\dubboxserver\target\classes\xin\shaozeming\dubboxserver\api\HelloServiceProvider.class]: Initialization of bean failed; nested exception is java.lang.NoSuchMethodError: org.apache.catalina.connector.Connector.setProtocol(Ljava/lang/String;)V
[14:25:05:435] [ERROR] - org.springframework.boot.diagnostics.LoggingFailureAnalysisReporter.report(LoggingFailureAnalysisReporter.java:42) - 

***************************
APPLICATION FAILED TO START
***************************

Description:

An attempt was made to call the method org.apache.catalina.connector.Connector.setProtocol(Ljava/lang/String;)V but it does not exist. Its class, org.apache.catalina.connector.Connector, is available from the following locations:

    jar:file:/C:/Users/Administrator/.m2/repository/org/apache/tomcat/embed/tomcat-embed-core/9.0.12/tomcat-embed-core-9.0.12.jar!/org/apache/catalina/connector/Connector.class

It was loaded from the following location:

    file:/C:/Users/Administrator/.m2/repository/org/apache/tomcat/embed/tomcat-embed-core/9.0.12/tomcat-embed-core-9.0.12.jar


Action:

Correct the classpath of your application so that it contains a single, compatible version of org.apache.catalina.connector.Connector

[15:17:18:007] [WARN] - org.springframework.context.support.AbstractApplicationContext.refresh(AbstractApplicationContext.java:554) - Exception encountered during context initialization - cancelling refresh attempt: org.springframework.beans.factory.BeanCreationException: Error creating bean with name 'helloServiceProvider' defined in file [I:\blog\dubbox\dubboxserver\target\classes\xin\shaozeming\dubboxserver\api\HelloServiceProvider.class]: Initialization of bean failed; nested exception is org.jboss.netty.channel.ChannelException: Failed to bind to: 0.0.0.0/0.0.0.0:8887
[15:17:18:035] [ERROR] - org.springframework.boot.SpringApplication.reportFailure(SpringApplication.java:858) - Application run failed
org.springframework.beans.factory.BeanCreationException: Error creating bean with name 'helloServiceProvider' defined in file [I:\blog\dubbox\dubboxserver\target\classes\xin\shaozeming\dubboxserver\api\HelloServiceProvider.class]: Initialization of bean failed; nested exception is org.jboss.netty.channel.ChannelException: Failed to bind to: 0.0.0.0/0.0.0.0:8887
	at org.springframework.beans.factory.support.AbstractAutowireCapableBeanFactory.doCreateBean(AbstractAutowireCapableBeanFactory.java:584) ~[spring-beans-5.1.2.RELEASE.jar:5.1.2.RELEASE]
	at org.springframework.beans.factory.support.AbstractAutowireCapableBeanFactory.createBean(AbstractAutowireCapableBeanFactory.java:498) ~[spring-beans-5.1.2.RELEASE.jar:5.1.2.RELEASE]
	at org.springframework.beans.factory.support.AbstractBeanFactory.lambda$doGetBean$0(AbstractBeanFactory.java:320) ~[spring-beans-5.1.2.RELEASE.jar:5.1.2.RELEASE]
	at org.springframework.beans.factory.support.DefaultSingletonBeanRegistry.getSingleton(DefaultSingletonBeanRegistry.java:222) ~[spring-beans-5.1.2.RELEASE.jar:5.1.2.RELEASE]
	at org.springframework.beans.factory.support.AbstractBeanFactory.doGetBean(AbstractBeanFactory.java:318) ~[spring-beans-5.1.2.RELEASE.jar:5.1.2.RELEASE]
	at org.springframework.beans.factory.support.AbstractBeanFactory.getBean(AbstractBeanFactory.java:199) ~[spring-beans-5.1.2.RELEASE.jar:5.1.2.RELEASE]
	at org.springframework.beans.factory.support.DefaultListableBeanFactory.preInstantiateSingletons(DefaultListableBeanFactory.java:846) ~[spring-beans-5.1.2.RELEASE.jar:5.1.2.RELEASE]
	at org.springframework.context.support.AbstractApplicationContext.finishBeanFactoryInitialization(AbstractApplicationContext.java:863) ~[spring-context-5.1.2.RELEASE.jar:5.1.2.RELEASE]
	at org.springframework.context.support.AbstractApplicationContext.refresh(AbstractApplicationContext.java:546) ~[spring-context-5.1.2.RELEASE.jar:5.1.2.RELEASE]
	at org.springframework.boot.SpringApplication.refresh(SpringApplication.java:775) [spring-boot-2.1.0.BUILD-20181030.064057-619.jar:2.1.0.BUILD-SNAPSHOT]
	at org.springframework.boot.SpringApplication.refreshContext(SpringApplication.java:397) [spring-boot-2.1.0.BUILD-20181030.064057-619.jar:2.1.0.BUILD-SNAPSHOT]
	at org.springframework.boot.SpringApplication.run(SpringApplication.java:316) [spring-boot-2.1.0.BUILD-20181030.064057-619.jar:2.1.0.BUILD-SNAPSHOT]
	at org.springframework.boot.builder.SpringApplicationBuilder.run(SpringApplicationBuilder.java:139) [spring-boot-2.1.0.BUILD-20181030.064057-619.jar:2.1.0.BUILD-SNAPSHOT]
	at xin.shaozeming.dubboxserver.ServerStart.main(ServerStart.java:27) [classes/:?]
Caused by: org.jboss.netty.channel.ChannelException: Failed to bind to: 0.0.0.0/0.0.0.0:8887
	at org.jboss.netty.bootstrap.ServerBootstrap.bind(ServerBootstrap.java:272) ~[netty-3.7.0.Final.jar:?]
	at org.jboss.resteasy.plugins.server.netty.NettyJaxrsServer.start(NettyJaxrsServer.java:147) ~[resteasy-netty-3.0.7.Final.jar:?]
	at com.alibaba.dubbo.rpc.protocol.rest.NettyServer.doStart(NettyServer.java:37) ~[dubbo-2.8.4.jar:2.8.4]
	at com.alibaba.dubbo.rpc.protocol.rest.BaseRestServer.start(BaseRestServer.java:38) ~[dubbo-2.8.4.jar:2.8.4]
	at com.alibaba.dubbo.rpc.protocol.rest.RestProtocol.doExport(RestProtocol.java:89) ~[dubbo-2.8.4.jar:2.8.4]
	at com.alibaba.dubbo.rpc.protocol.AbstractProxyProtocol.export(AbstractProxyProtocol.java:69) ~[dubbo-2.8.4.jar:2.8.4]
	at com.alibaba.dubbo.rpc.protocol.ProtocolFilterWrapper.export(ProtocolFilterWrapper.java:55) ~[dubbo-2.8.4.jar:2.8.4]
	at com.alibaba.dubbo.rpc.protocol.ProtocolListenerWrapper.export(ProtocolListenerWrapper.java:56) ~[dubbo-2.8.4.jar:2.8.4]
	at com.alibaba.dubbo.rpc.Protocol$Adpative.export(Protocol$Adpative.java) ~[dubbo-2.8.4.jar:2.8.4]
	at com.alibaba.dubbo.registry.integration.RegistryProtocol.doLocalExport(RegistryProtocol.java:153) ~[dubbo-2.8.4.jar:2.8.4]
	at com.alibaba.dubbo.registry.integration.RegistryProtocol.export(RegistryProtocol.java:107) ~[dubbo-2.8.4.jar:2.8.4]
	at com.alibaba.dubbo.rpc.protocol.ProtocolFilterWrapper.export(ProtocolFilterWrapper.java:53) ~[dubbo-2.8.4.jar:2.8.4]
	at com.alibaba.dubbo.rpc.protocol.ProtocolListenerWrapper.export(ProtocolListenerWrapper.java:54) ~[dubbo-2.8.4.jar:2.8.4]
	at com.alibaba.dubbo.rpc.Protocol$Adpative.export(Protocol$Adpative.java) ~[dubbo-2.8.4.jar:2.8.4]
	at com.alibaba.dubbo.config.ServiceConfig.doExportUrlsFor1Protocol(ServiceConfig.java:489) ~[dubbo-2.8.4.jar:2.8.4]
	at com.alibaba.dubbo.config.ServiceConfig.doExportUrls(ServiceConfig.java:285) ~[dubbo-2.8.4.jar:2.8.4]
	at com.alibaba.dubbo.config.ServiceConfig.doExport(ServiceConfig.java:246) ~[dubbo-2.8.4.jar:2.8.4]
	at com.alibaba.dubbo.config.ServiceConfig.export(ServiceConfig.java:145) ~[dubbo-2.8.4.jar:2.8.4]
	at com.alibaba.dubbo.config.spring.AnnotationBean.postProcessAfterInitialization(AnnotationBean.java:202) ~[dubbo-2.8.4.jar:2.8.4]
	at org.springframework.beans.factory.support.AbstractAutowireCapableBeanFactory.applyBeanPostProcessorsAfterInitialization(AbstractAutowireCapableBeanFactory.java:434) ~[spring-beans-5.1.2.RELEASE.jar:5.1.2.RELEASE]
	at org.springframework.beans.factory.support.AbstractAutowireCapableBeanFactory.initializeBean(AbstractAutowireCapableBeanFactory.java:1749) ~[spring-beans-5.1.2.RELEASE.jar:5.1.2.RELEASE]
	at org.springframework.beans.factory.support.AbstractAutowireCapableBeanFactory.doCreateBean(AbstractAutowireCapableBeanFactory.java:576) ~[spring-beans-5.1.2.RELEASE.jar:5.1.2.RELEASE]
	... 13 more
Caused by: java.net.BindException: Address already in use: bind
	at sun.nio.ch.Net.bind0(Native Method) ~[?:1.8.0_162]
	at sun.nio.ch.Net.bind(Net.java:433) ~[?:1.8.0_162]
	at sun.nio.ch.Net.bind(Net.java:425) ~[?:1.8.0_162]
	at sun.nio.ch.ServerSocketChannelImpl.bind(ServerSocketChannelImpl.java:223) ~[?:1.8.0_162]
	at sun.nio.ch.ServerSocketAdaptor.bind(ServerSocketAdaptor.java:74) ~[?:1.8.0_162]
	at org.jboss.netty.channel.socket.nio.NioServerBoss$RegisterTask.run(NioServerBoss.java:193) ~[netty-3.7.0.Final.jar:?]
	at org.jboss.netty.channel.socket.nio.AbstractNioSelector.processTaskQueue(AbstractNioSelector.java:366) ~[netty-3.7.0.Final.jar:?]
	at org.jboss.netty.channel.socket.nio.AbstractNioSelector.run(AbstractNioSelector.java:290) ~[netty-3.7.0.Final.jar:?]
	at org.jboss.netty.channel.socket.nio.NioServerBoss.run(NioServerBoss.java:42) ~[netty-3.7.0.Final.jar:?]
	at java.util.concurrent.ThreadPoolExecutor.runWorker(ThreadPoolExecutor.java:1149) ~[?:1.8.0_162]
	at java.util.concurrent.ThreadPoolExecutor$Worker.run(ThreadPoolExecutor.java:624) ~[?:1.8.0_162]
	at java.lang.Thread.run(Thread.java:748) ~[?:1.8.0_162]
